# JRE version: OpenJDK Runtime Environment (8.0_152) (build 1.8.0_152-release-1343-b16-5323222)
# Java VM: OpenJDK 64-Bit Server VM (25.152-b16-5323222 mixed mode linux-amd64 compressed oops)
Heap:
 PSYoungGen      total 173568K, used 15342K [0x00000000e0000000, 0x00000000ec600000, 0x0000000100000000)
  eden space 158208K, 0% used [0x00000000e0000000,0x00000000e0000000,0x00000000e9a80000)
  from space 15360K, 99% used [0x00000000e9a80000,0x00000000ea97b800,0x00000000ea980000)
  to   space 13824K, 0% used [0x00000000ea980000,0x00000000ea980000,0x00000000eb700000)
 ParOldGen       total 93696K, used 25239K [0x00000000a0000000, 0x00000000a5b80000, 0x00000000e0000000)
  object space 93696K, 26% used [0x00000000a0000000,0x00000000a18a5ca8,0x00000000a5b80000)
 Metaspace       used 56656K, capacity 58196K, committed 58368K, reserved 1099776K
  class space    used 7460K, capacity 7843K, committed 7936K, reserved 1048576K
GC Heap History (10 events):
Event: 1.610 GC heap after
Heap after GC invocations=6 (full 1):
 PSYoungGen      total 68608K, used 0K [0x00000000e0000000, 0x00000000e9300000, 0x0000000100000000)
  eden space 63488K, 0% used [0x00000000e0000000,0x00000000e0000000,0x00000000e3e00000)
  from space 5120K, 0% used [0x00000000e3e00000,0x00000000e3e00000,0x00000000e4300000)
  to   space 11776K, 0% used [0x00000000e8780000,0x00000000e8780000,0x00000000e9300000)
 ParOldGen       total 60416K, used 10415K [0x00000000a0000000, 0x00000000a3b00000, 0x00000000e0000000)
  object space 60416K, 17% used [0x00000000a0000000,0x00000000a0a2bf20,0x00000000a3b00000)
 Metaspace       used 20694K, capacity 21132K, committed 21296K, reserved 1067008K
  class space    used 2951K, capacity 3116K, committed 3200K, reserved 1048576K
}
Event: 2.109 GC heap before
{Heap before GC invocations=7 (full 1):
 PSYoungGen      total 68608K, used 63488K [0x00000000e0000000, 0x00000000e9300000, 0x0000000100000000)
  eden space 63488K, 100% used [0x00000000e0000000,0x00000000e3e00000,0x00000000e3e00000)
  from space 5120K, 0% used [0x00000000e3e00000,0x00000000e3e00000,0x00000000e4300000)
  to   space 11776K, 0% used [0x00000000e8780000,0x00000000e8780000,0x00000000e9300000)
 ParOldGen       total 60416K, used 10415K [0x00000000a0000000, 0x00000000a3b00000, 0x00000000e0000000)
  object space 60416K, 17% used [0x00000000a0000000,0x00000000a0a2bf20,0x00000000a3b00000)
 Metaspace       used 28723K, capacity 29212K, committed 29312K, reserved 1075200K
  class space    used 3797K, capacity 3966K, committed 3968K, reserved 1048576K
Event: 2.114 GC heap after
Heap after GC invocations=7 (full 1):
 PSYoungGen      total 109568K, used 8565K [0x00000000e0000000, 0x00000000e9000000, 0x0000000100000000)
  eden space 100864K, 0% used [0x00000000e0000000,0x00000000e0000000,0x00000000e6280000)
  from space 8704K, 98% used [0x00000000e8780000,0x00000000e8fdd480,0x00000000e9000000)
  to   space 11776K, 0% used [0x00000000e7900000,0x00000000e7900000,0x00000000e8480000)
 ParOldGen       total 60416K, used 10423K [0x00000000a0000000, 0x00000000a3b00000, 0x00000000e0000000)
  object space 60416K, 17% used [0x00000000a0000000,0x00000000a0a2df20,0x00000000a3b00000)
 Metaspace       used 28723K, capacity 29212K, committed 29312K, reserved 1075200K
  class space    used 3797K, capacity 3966K, committed 3968K, reserved 1048576K
}
Event: 2.796 GC heap before
{Heap before GC invocations=8 (full 1):
 PSYoungGen      total 109568K, used 102742K [0x00000000e0000000, 0x00000000e9000000, 0x0000000100000000)
  eden space 100864K, 93% used [0x00000000e0000000,0x00000000e5bf84d0,0x00000000e6280000)
  from space 8704K, 98% used [0x00000000e8780000,0x00000000e8fdd480,0x00000000e9000000)
  to   space 11776K, 0% used [0x00000000e7900000,0x00000000e7900000,0x00000000e8480000)
 ParOldGen       total 60416K, used 10423K [0x00000000a0000000, 0x00000000a3b00000, 0x00000000e0000000)
  object space 60416K, 17% used [0x00000000a0000000,0x00000000a0a2df20,0x00000000a3b00000)
 Metaspace       used 34636K, capacity 35336K, committed 35496K, reserved 1079296K
  class space    used 4609K, capacity 4849K, committed 4864K, reserved 1048576K
Event: 2.809 GC heap after
Heap after GC invocations=8 (full 1):
 PSYoungGen      total 135680K, used 11770K [0x00000000e0000000, 0x00000000eb700000, 0x0000000100000000)
  eden space 123904K, 0% used [0x00000000e0000000,0x00000000e0000000,0x00000000e7900000)
  from space 11776K, 99% used [0x00000000e7900000,0x00000000e847e9b8,0x00000000e8480000)
  to   space 13824K, 0% used [0x00000000ea980000,0x00000000ea980000,0x00000000eb700000)
 ParOldGen       total 60416K, used 11002K [0x00000000a0000000, 0x00000000a3b00000, 0x00000000e0000000)
  object space 60416K, 18% used [0x00000000a0000000,0x00000000a0abe9f8,0x00000000a3b00000)
 Metaspace       used 34636K, capacity 35336K, committed 35496K, reserved 1079296K
  class space    used 4609K, capacity 4849K, committed 4864K, reserved 1048576K
}
Event: 2.809 GC heap before
{Heap before GC invocations=9 (full 2):
 PSYoungGen      total 135680K, used 11770K [0x00000000e0000000, 0x00000000eb700000, 0x0000000100000000)
  eden space 123904K, 0% used [0x00000000e0000000,0x00000000e0000000,0x00000000e7900000)
  from space 11776K, 99% used [0x00000000e7900000,0x00000000e847e9b8,0x00000000e8480000)
  to   space 13824K, 0% used [0x00000000ea980000,0x00000000ea980000,0x00000000eb700000)
 ParOldGen       total 60416K, used 11002K [0x00000000a0000000, 0x00000000a3b00000, 0x00000000e0000000)
  object space 60416K, 18% used [0x00000000a0000000,0x00000000a0abe9f8,0x00000000a3b00000)
 Metaspace       used 34636K, capacity 35336K, committed 35496K, reserved 1079296K
  class space    used 4609K, capacity 4849K, committed 4864K, reserved 1048576K
Event: 2.854 GC heap after
Heap after GC invocations=9 (full 2):
 PSYoungGen      total 135680K, used 0K [0x00000000e0000000, 0x00000000eb700000, 0x0000000100000000)
  eden space 123904K, 0% used [0x00000000e0000000,0x00000000e0000000,0x00000000e7900000)
  from space 11776K, 0% used [0x00000000e7900000,0x00000000e7900000,0x00000000e8480000)
  to   space 13824K, 0% used [0x00000000ea980000,0x00000000ea980000,0x00000000eb700000)
 ParOldGen       total 93696K, used 18433K [0x00000000a0000000, 0x00000000a5b80000, 0x00000000e0000000)
  object space 93696K, 19% used [0x00000000a0000000,0x00000000a12006e0,0x00000000a5b80000)
 Metaspace       used 34583K, capacity 35204K, committed 35496K, reserved 1079296K
  class space    used 4596K, capacity 4805K, committed 4864K, reserved 1048576K
}
Event: 4.054 GC heap before
{Heap before GC invocations=10 (full 2):
 PSYoungGen      total 135680K, used 123904K [0x00000000e0000000, 0x00000000eb700000, 0x0000000100000000)
  eden space 123904K, 100% used [0x00000000e0000000,0x00000000e7900000,0x00000000e7900000)
  from space 11776K, 0% used [0x00000000e7900000,0x00000000e7900000,0x00000000e8480000)
  to   space 13824K, 0% used [0x00000000ea980000,0x00000000ea980000,0x00000000eb700000)
 ParOldGen       total 93696K, used 18433K [0x00000000a0000000, 0x00000000a5b80000, 0x00000000e0000000)
  object space 93696K, 19% used [0x00000000a0000000,0x00000000a12006e0,0x00000000a5b80000)
 Metaspace       used 43894K, capacity 45128K, committed 45440K, reserved 1089536K
  class space    used 5868K, capacity 6170K, committed 6272K, reserved 1048576K
Event: 4.065 GC heap after
Heap after GC invocations=10 (full 2):
 PSYoungGen      total 172032K, used 12424K [0x00000000e0000000, 0x00000000ec600000, 0x0000000100000000)
  eden space 158208K, 0% used [0x00000000e0000000,0x00000000e0000000,0x00000000e9a80000)
  from space 13824K, 89% used [0x00000000ea980000,0x00000000eb5a2248,0x00000000eb700000)
  to   space 15360K, 0% used [0x00000000e9a80000,0x00000000e9a80000,0x00000000ea980000)
 ParOldGen       total 93696K, used 18441K [0x00000000a0000000, 0x00000000a5b80000, 0x00000000e0000000)
  object space 93696K, 19% used [0x00000000a0000000,0x00000000a12026e0,0x00000000a5b80000)
 Metaspace       used 43894K, capacity 45128K, committed 45440K, reserved 1089536K
  class space    used 5868K, capacity 6170K, committed 6272K, reserved 1048576K
}
Event: 23.924 GC heap before
{Heap before GC invocations=11 (full 2):
 PSYoungGen      total 172032K, used 170632K [0x00000000e0000000, 0x00000000ec600000, 0x0000000100000000)
  eden space 158208K, 100% used [0x00000000e0000000,0x00000000e9a80000,0x00000000e9a80000)
  from space 13824K, 89% used [0x00000000ea980000,0x00000000eb5a2248,0x00000000eb700000)
  to   space 15360K, 0% used [0x00000000e9a80000,0x00000000e9a80000,0x00000000ea980000)
 ParOldGen       total 93696K, used 18441K [0x00000000a0000000, 0x00000000a5b80000, 0x00000000e0000000)
  object space 93696K, 19% used [0x00000000a0000000,0x00000000a12026e0,0x00000000a5b80000)
 Metaspace       used 56656K, capacity 58196K, committed 58368K, reserved 1099776K
  class space    used 7460K, capacity 7843K, committed 7936K, reserved 1048576K

